d:\project2\gerbv\libgerbv_cpp\x64\release\vc143.pdb
d:\project2\gerbv\libgerbv_cpp\x64\release\scheme.obj
d:\project2\gerbv\libgerbv_cpp\x64\release\project.obj
d:\project2\gerbv\libgerbv_cpp\x64\release\pick-and-place.obj
d:\project2\gerbv\libgerbv_cpp\x64\release\main.obj
d:\project2\gerbv\libgerbv_cpp\x64\release\lrealpath.obj
d:\project2\gerbv\libgerbv_cpp\x64\release\gerb_stats.obj
d:\project2\gerbv\libgerbv_cpp\x64\release\gerb_image.obj
d:\project2\gerbv\libgerbv_cpp\x64\release\gerb_file.obj
d:\project2\gerbv\libgerbv_cpp\x64\release\gerbv.obj
d:\project2\gerbv\libgerbv_cpp\x64\release\gerber.obj
d:\project2\gerbv\libgerbv_cpp\x64\release\export-rs274x.obj
d:\project2\gerbv\libgerbv_cpp\x64\release\export-isel-drill.obj
d:\project2\gerbv\libgerbv_cpp\x64\release\export-image.obj
d:\project2\gerbv\libgerbv_cpp\x64\release\export-geda-pcb.obj
d:\project2\gerbv\libgerbv_cpp\x64\release\export-drill.obj
d:\project2\gerbv\libgerbv_cpp\x64\release\drill_stats.obj
d:\project2\gerbv\libgerbv_cpp\x64\release\drill.obj
d:\project2\gerbv\libgerbv_cpp\x64\release\csv.obj
d:\project2\gerbv\libgerbv_cpp\x64\release\config.obj
d:\project2\gerbv\libgerbv_cpp\x64\release\amacro.obj
d:\project2\gerbv\libgerbv_cpp\x64\release\selection.obj
d:\project2\gerbv\libgerbv_cpp\x64\release\render.obj
d:\project2\gerbv\libgerbv_cpp\x64\release\draw.obj
d:\project2\gerbv\libgerbv_cpp\x64\release\tooltable.obj
d:\project2\gerbv\libgerbv_cpp\x64\release\export-dxf.obj
d:\project2\gerbv\libgerbv_cpp\install\x64\release\libgerbv.lib
d:\project2\gerbv\libgerbv_cpp\install\x64\release\libgerbv.exp
d:\project2\gerbv\libgerbv_cpp\install\x64\release\dxflib.dll
d:\project2\gerbv\libgerbv_cpp\install\x64\release\cairo.dll
d:\project2\gerbv\libgerbv_cpp\install\x64\release\freetype.dll
d:\project2\gerbv\libgerbv_cpp\install\x64\release\zlib1.dll
d:\project2\gerbv\libgerbv_cpp\install\x64\release\bz2.dll
d:\project2\gerbv\libgerbv_cpp\install\x64\release\libpng16.dll
d:\project2\gerbv\libgerbv_cpp\install\x64\release\brotlidec.dll
d:\project2\gerbv\libgerbv_cpp\install\x64\release\brotlicommon.dll
d:\project2\gerbv\libgerbv_cpp\install\x64\release\libgerbv.dll
d:\project2\gerbv\libgerbv_cpp\install\x64\release\libgerbv.pdb
d:\project2\gerbv\libgerbv_cpp\x64\release\libgerbv.iobj
d:\project2\gerbv\libgerbv_cpp\x64\release\libgerbv.ipdb
d:\project2\gerbv\libgerbv_cpp\x64\release\libgerbv_x64.ipdb
d:\project2\gerbv\libgerbv_cpp\x64\release\libgerbv_x64.iobj
d:\project2\gerbv\libgerbv_cpp\x64\release\libgerbv.tlog\cl.command.1.tlog
d:\project2\gerbv\libgerbv_cpp\x64\release\libgerbv.tlog\cl.read.1.tlog
d:\project2\gerbv\libgerbv_cpp\x64\release\libgerbv.tlog\cl.write.1.tlog
d:\project2\gerbv\libgerbv_cpp\x64\release\libgerbv.tlog\libgerbv.write.1u.tlog
d:\project2\gerbv\libgerbv_cpp\x64\release\libgerbv.tlog\link.command.1.tlog
d:\project2\gerbv\libgerbv_cpp\x64\release\libgerbv.tlog\link.read.1.tlog
d:\project2\gerbv\libgerbv_cpp\x64\release\libgerbv.tlog\link.write.1.tlog
