  amacro.c
D:\project2\gerbv\libgerbv_cpp\src\amacro.c(284,37): warning C4244: '=': conversion from 'double' to 'float', possible loss of data
  config.c
  csv.c
  draw.c
C:\vcpkg\installed\x86-windows\include\cairo-glad\cairo-svg.h(1,1): warning C4819: The file contains a character that cannot be represented in the current code page (949). Save the file in Unicode format to prevent data loss
  drill.c
  drill_stats.c
  export-drill.c
  export-geda-pcb.c
  export-image.c
C:\vcpkg\installed\x86-windows\include\cairo-glad\cairo-svg.h(1,1): warning C4819: The file contains a character that cannot be represented in the current code page (949). Save the file in Unicode format to prevent data loss
D:\project2\gerbv\libgerbv_cpp\src\export-image.c(64,31): warning C4244: 'initializing': conversion from 'double' to 'gfloat', possible loss of data
D:\project2\gerbv\libgerbv_cpp\src\export-image.c(65,32): warning C4244: 'initializing': conversion from 'double' to 'gfloat', possible loss of data
D:\project2\gerbv\libgerbv_cpp\src\export-image.c(70,37): warning C4244: 'initializing': conversion from 'double' to 'float', possible loss of data
D:\project2\gerbv\libgerbv_cpp\src\export-image.c(71,36): warning C4244: 'initializing': conversion from 'double' to 'float', possible loss of data
D:\project2\gerbv\libgerbv_cpp\src\export-image.c(74,46): warning C4244: 'initializing': conversion from 'float' to 'gint', possible loss of data
D:\project2\gerbv\libgerbv_cpp\src\export-image.c(74,57): warning C4244: 'initializing': conversion from 'float' to 'gint', possible loss of data
  export-isel-drill.c
  export-rs274x.c
  gerber.c
D:\project2\gerbv\libgerbv_cpp\src\gerber.c(449,26): warning C4244: '=': conversion from 'double' to 'int', possible loss of data
D:\project2\gerbv\libgerbv_cpp\src\gerber.c(450,26): warning C4244: '=': conversion from 'double' to 'int', possible loss of data
D:\project2\gerbv\libgerbv_cpp\src\gerber.c(563,65): warning C4244: '=': conversion from 'double' to 'int', possible loss of data
  gerbv.c
C:\vcpkg\installed\x86-windows\include\cairo-glad\cairo-svg.h(1,1): warning C4819: The file contains a character that cannot be represented in the current code page (949). Save the file in Unicode format to prevent data loss
  gerb_file.c
  gerb_image.c
D:\project2\gerbv\libgerbv_cpp\src\gerb_image.c(1143,22): warning C4244: 'function': conversion from 'gdouble' to 'int', possible loss of data
  gerb_stats.c
  lrealpath.c
  main.c
D:\project2\gerbv\libgerbv_cpp\src\main.c(1,1): warning C4819: The file contains a character that cannot be represented in the current code page (949). Save the file in Unicode format to prevent data loss
D:\project2\gerbv\libgerbv_cpp\src\main.c(1015,30): warning C4244: '=': conversion from 'double' to 'gfloat', possible loss of data
D:\project2\gerbv\libgerbv_cpp\src\main.c(1016,30): warning C4244: '=': conversion from 'double' to 'gfloat', possible loss of data
D:\project2\gerbv\libgerbv_cpp\src\main.c(1028,1): warning C4244: '=': conversion from 'double' to 'gfloat', possible loss of data
D:\project2\gerbv\libgerbv_cpp\src\main.c(1031,29): warning C4244: '-=': conversion from 'double' to 'gfloat', possible loss of data
D:\project2\gerbv\libgerbv_cpp\src\main.c(1032,29): warning C4244: '-=': conversion from 'double' to 'gfloat', possible loss of data
D:\project2\gerbv\libgerbv_cpp\src\main.c(1040,69): warning C4244: '-=': conversion from 'double' to 'gfloat', possible loss of data
D:\project2\gerbv\libgerbv_cpp\src\main.c(1041,65): warning C4244: '-=': conversion from 'double' to 'gfloat', possible loss of data
D:\project2\gerbv\libgerbv_cpp\src\main.c(1047,88): warning C4244: '-=': conversion from 'double' to 'gfloat', possible loss of data
D:\project2\gerbv\libgerbv_cpp\src\main.c(1048,84): warning C4244: '-=': conversion from 'double' to 'gfloat', possible loss of data
D:\project2\gerbv\libgerbv_cpp\src\main.c(450,1): warning C4305: 'initializing': truncation from 'double' to 'gfloat'
D:\project2\gerbv\libgerbv_cpp\src\main.c(1019,49): warning C4244: 'initializing': conversion from 'double' to 'float', possible loss of data
D:\project2\gerbv\libgerbv_cpp\src\main.c(1020,49): warning C4244: 'initializing': conversion from 'double' to 'float', possible loss of data
D:\project2\gerbv\libgerbv_cpp\src\main.c(1070,6): warning C4244: 'initializing': conversion from 'gfloat' to 'gint', possible loss of data
D:\project2\gerbv\libgerbv_cpp\src\main.c(1070,24): warning C4244: 'initializing': conversion from 'gfloat' to 'gint', possible loss of data
D:\project2\gerbv\libgerbv_cpp\src\main.c(433,23): warning C4101: 'a': unreferenced local variable
D:\project2\gerbv\libgerbv_cpp\src\main.c(433,21): warning C4101: 'b': unreferenced local variable
D:\project2\gerbv\libgerbv_cpp\src\main.c(432,15): warning C4101: 'read_opt': unreferenced local variable
D:\project2\gerbv\libgerbv_cpp\src\main.c(433,19): warning C4101: 'g': unreferenced local variable
D:\project2\gerbv\libgerbv_cpp\src\main.c(444,9): warning C4101: 'unit_flag_counter': unreferenced local variable
D:\project2\gerbv\libgerbv_cpp\src\main.c(433,17): warning C4101: 'r': unreferenced local variable
D:\project2\gerbv\libgerbv_cpp\src\main.c(1155,15): warning C4013: 'getopt' undefined; assuming extern returning int
D:\project2\gerbv\libgerbv_cpp\src\main.c(1162,17): warning C4013: 'strncasecmp' undefined; assuming extern returning int
  pick-and-place.c
D:\project2\gerbv\libgerbv_cpp\src\pick-and-place.c(610,21): warning C4244: '=': conversion from 'double' to 'float', possible loss of data
D:\project2\gerbv\libgerbv_cpp\src\pick-and-place.c(612,21): warning C4244: '=': conversion from 'double' to 'float', possible loss of data
D:\project2\gerbv\libgerbv_cpp\src\pick-and-place.c(614,21): warning C4244: '=': conversion from 'double' to 'float', possible loss of data
D:\project2\gerbv\libgerbv_cpp\src\pick-and-place.c(616,21): warning C4244: '=': conversion from 'double' to 'float', possible loss of data
D:\project2\gerbv\libgerbv_cpp\src\pick-and-place.c(618,21): warning C4244: '=': conversion from 'double' to 'float', possible loss of data
D:\project2\gerbv\libgerbv_cpp\src\pick-and-place.c(620,21): warning C4244: '=': conversion from 'double' to 'float', possible loss of data
D:\project2\gerbv\libgerbv_cpp\src\pick-and-place.c(621,25): warning C4244: '=': conversion from 'double' to 'float', possible loss of data
D:\project2\gerbv\libgerbv_cpp\src\pick-and-place.c(720,15): warning C4244: '=': conversion from 'double' to 'float', possible loss of data
D:\project2\gerbv\libgerbv_cpp\src\pick-and-place.c(752,20): warning C4244: '=': conversion from 'double' to 'float', possible loss of data
D:\project2\gerbv\libgerbv_cpp\src\pick-and-place.c(755,19): warning C4305: '=': truncation from 'double' to 'float'
  project.c
D:\project2\gerbv\libgerbv_cpp\src\project.c(1084,1): warning C4305: 'initializing': truncation from 'double' to 'const float'
  Compiling...
  render.c
C:\vcpkg\installed\x86-windows\include\cairo-glad\cairo-svg.h(1,1): warning C4819: The file contains a character that cannot be represented in the current code page (949). Save the file in Unicode format to prevent data loss
  scheme.c
  selection.c
  tooltable.c
  export-dxf.cpp
D:\project2\gerbv\libgerbv_cpp\src\export-dxf.cpp(88,10): warning C4101: 'apert_tab': unreferenced local variable
     Creating library D:\project2\gerbv\libgerbv_cpp\installed\x86-windows\bin\libgerbv.lib and object D:\project2\gerbv\libgerbv_cpp\installed\x86-windows\bin\libgerbv.exp
  Generating code
  Previous IPDB not found, fall back to full compilation.
  All 566 functions were compiled because no usable IPDB/IOBJ from previous compilation was found.
  Finished generating code
  libgerbv.vcxproj -> D:\project2\gerbv\libgerbv_cpp\installed\x86-windows\bin\libgerbv.dll
          1개 파일이 복사되었습니다.
          1개 파일이 복사되었습니다.
          1개 파일이 복사되었습니다.
          1개 파일이 복사되었습니다.
          1개 파일이 복사되었습니다.
          1개 파일이 복사되었습니다.
          1개 파일이 복사되었습니다.
          1개 파일이 복사되었습니다.
          1개 파일이 복사되었습니다.
